2021-01-21 16:14:30.434  INFO 4164 --- [main] com.Admin.AdminApplication               : Starting AdminApplication using Java 1.8.0_251 on Madhu with PID 4164 (D:\eclipse-programs\Admin\target\classes started by INTEL in D:\eclipse-programs\Admin)
2021-01-21 16:14:30.439  INFO 4164 --- [main] com.Admin.AdminApplication               : No active profile set, falling back to default profiles: default
2021-01-21 16:14:31.821  INFO 4164 --- [main] .s.d.r.c.RepositoryConfigurationDelegate : Bootstrapping Spring Data JPA repositories in DEFAULT mode.
2021-01-21 16:14:31.904  INFO 4164 --- [main] .s.d.r.c.RepositoryConfigurationDelegate : Finished Spring Data repository scanning in 69 ms. Found 1 JPA repository interfaces.
2021-01-21 16:14:33.211  INFO 4164 --- [main] o.s.b.w.embedded.tomcat.TomcatWebServer  : Tomcat initialized with port(s): 9095 (http)
2021-01-21 16:14:33.227  INFO 4164 --- [main] o.apache.catalina.core.StandardService   : Starting service [Tomcat]
2021-01-21 16:14:33.227  INFO 4164 --- [main] org.apache.catalina.core.StandardEngine  : Starting Servlet engine: [Apache Tomcat/9.0.41]
2021-01-21 16:14:33.229  INFO 4164 --- [main] o.a.catalina.core.AprLifecycleListener   : Loaded Apache Tomcat Native library [1.2.25] using APR version [1.7.0].
2021-01-21 16:14:33.229  INFO 4164 --- [main] o.a.catalina.core.AprLifecycleListener   : APR capabilities: IPv6 [true], sendfile [true], accept filters [false], random [true].
2021-01-21 16:14:33.229  INFO 4164 --- [main] o.a.catalina.core.AprLifecycleListener   : APR/OpenSSL configuration: useAprConnector [false], useOpenSSL [true]
2021-01-21 16:14:33.266  INFO 4164 --- [main] o.a.catalina.core.AprLifecycleListener   : OpenSSL successfully initialized [OpenSSL 1.1.1g  21 Apr 2020]
2021-01-21 16:14:33.484  INFO 4164 --- [main] o.a.c.c.C.[Tomcat].[localhost].[/]       : Initializing Spring embedded WebApplicationContext
2021-01-21 16:14:33.486  INFO 4164 --- [main] w.s.c.ServletWebServerApplicationContext : Root WebApplicationContext: initialization completed in 2878 ms
2021-01-21 16:14:34.097  INFO 4164 --- [main] o.hibernate.jpa.internal.util.LogHelper  : HHH000204: Processing PersistenceUnitInfo [name: default]
2021-01-21 16:14:34.196  INFO 4164 --- [main] org.hibernate.Version                    : HHH000412: Hibernate ORM core version 5.4.27.Final
2021-01-21 16:14:34.469  INFO 4164 --- [main] o.hibernate.annotations.common.Version   : HCANN000001: Hibernate Commons Annotations {5.1.2.Final}
2021-01-21 16:14:34.746  INFO 4164 --- [main] com.zaxxer.hikari.HikariDataSource       : HikariPool-1 - Starting...
2021-01-21 16:14:35.631  INFO 4164 --- [main] com.zaxxer.hikari.HikariDataSource       : HikariPool-1 - Start completed.
2021-01-21 16:14:35.653  INFO 4164 --- [main] org.hibernate.dialect.Dialect            : HHH000400: Using dialect: org.hibernate.dialect.MySQL5InnoDBDialect
2021-01-21 16:14:39.247  INFO 4164 --- [main] o.h.e.t.j.p.i.JtaPlatformInitiator       : HHH000490: Using JtaPlatform implementation: [org.hibernate.engine.transaction.jta.platform.internal.NoJtaPlatform]
2021-01-21 16:14:39.266  INFO 4164 --- [main] j.LocalContainerEntityManagerFactoryBean : Initialized JPA EntityManagerFactory for persistence unit 'default'
2021-01-21 16:14:39.372  WARN 4164 --- [main] JpaBaseConfiguration$JpaWebConfiguration : spring.jpa.open-in-view is enabled by default. Therefore, database queries may be performed during view rendering. Explicitly configure spring.jpa.open-in-view to disable this warning
2021-01-21 16:14:39.616  INFO 4164 --- [main] o.s.s.concurrent.ThreadPoolTaskExecutor  : Initializing ExecutorService 'applicationTaskExecutor'
2021-01-21 16:14:40.579  INFO 4164 --- [main] o.s.b.w.embedded.tomcat.TomcatWebServer  : Tomcat started on port(s): 9095 (http) with context path ''
2021-01-21 16:14:40.595  INFO 4164 --- [main] com.Admin.AdminApplication               : Started AdminApplication in 10.922 seconds (JVM running for 11.99)
